<?xml version="1.0" encoding="UTF-8"?>
<testng-results ignored="0" total="3" passed="3" failed="0" skipped="0">
  <reporter-output>
  </reporter-output>
  <suite started-at="2020-12-19T21:19:51Z" name="Default suite" finished-at="2020-12-19T21:20:46Z" duration-ms="55494">
    <groups>
    </groups>
    <test started-at="2020-12-19T21:19:51Z" name="Default test" finished-at="2020-12-19T21:20:46Z" duration-ms="55494">
      <class name="com.aairlines.qa.testcases.AmericanAirlinesHomePageTest">
        <test-method is-config="true" signature="setup()[pri:0, instance:com.aairlines.qa.testcases.AmericanAirlinesHomePageTest@7a560583]" started-at="2020-12-19T15:19:51Z" name="setup" finished-at="2020-12-19T15:20:01Z" duration-ms="10615" status="PASS">
          <reporter-output>
          </reporter-output>
        </test-method> <!-- setup -->
        <test-method signature="homePageTitleTest()[pri:1, instance:com.aairlines.qa.testcases.AmericanAirlinesHomePageTest@7a560583]" started-at="2020-12-19T15:20:01Z" name="homePageTitleTest" finished-at="2020-12-19T15:20:02Z" duration-ms="144" status="PASS">
          <reporter-output>
          </reporter-output>
        </test-method> <!-- homePageTitleTest -->
        <test-method is-config="true" signature="tearDown()[pri:0, instance:com.aairlines.qa.testcases.AmericanAirlinesHomePageTest@7a560583]" started-at="2020-12-19T15:20:02Z" name="tearDown" finished-at="2020-12-19T15:20:02Z" duration-ms="814" status="PASS">
          <reporter-output>
          </reporter-output>
        </test-method> <!-- tearDown -->
        <test-method is-config="true" signature="setup()[pri:0, instance:com.aairlines.qa.testcases.AmericanAirlinesHomePageTest@7a560583]" started-at="2020-12-19T15:20:02Z" name="setup" finished-at="2020-12-19T15:20:12Z" duration-ms="9440" status="PASS">
          <reporter-output>
          </reporter-output>
        </test-method> <!-- setup -->
        <test-method signature="homePageLogoTest()[pri:2, instance:com.aairlines.qa.testcases.AmericanAirlinesHomePageTest@7a560583]" started-at="2020-12-19T15:20:12Z" name="homePageLogoTest" finished-at="2020-12-19T15:20:18Z" duration-ms="5981" status="PASS">
          <reporter-output>
          </reporter-output>
        </test-method> <!-- homePageLogoTest -->
        <test-method is-config="true" signature="tearDown()[pri:0, instance:com.aairlines.qa.testcases.AmericanAirlinesHomePageTest@7a560583]" started-at="2020-12-19T15:20:18Z" name="tearDown" finished-at="2020-12-19T15:20:18Z" duration-ms="672" status="PASS">
          <reporter-output>
          </reporter-output>
        </test-method> <!-- tearDown -->
        <test-method is-config="true" signature="setup()[pri:0, instance:com.aairlines.qa.testcases.AmericanAirlinesHomePageTest@7a560583]" started-at="2020-12-19T15:20:18Z" name="setup" finished-at="2020-12-19T15:20:29Z" duration-ms="10160" status="PASS">
          <reporter-output>
          </reporter-output>
        </test-method> <!-- setup -->
        <test-method signature="bookFlightTest()[pri:3, instance:com.aairlines.qa.testcases.AmericanAirlinesHomePageTest@7a560583]" started-at="2020-12-19T15:20:29Z" name="bookFlightTest" finished-at="2020-12-19T15:20:45Z" duration-ms="16812" status="PASS">
          <reporter-output>
          </reporter-output>
        </test-method> <!-- bookFlightTest -->
        <test-method is-config="true" signature="tearDown()[pri:0, instance:com.aairlines.qa.testcases.AmericanAirlinesHomePageTest@7a560583]" started-at="2020-12-19T15:20:45Z" name="tearDown" finished-at="2020-12-19T15:20:46Z" duration-ms="674" status="PASS">
          <reporter-output>
          </reporter-output>
        </test-method> <!-- tearDown -->
      </class> <!-- com.aairlines.qa.testcases.AmericanAirlinesHomePageTest -->
    </test> <!-- Default test -->
  </suite> <!-- Default suite -->
</testng-results>
