<?xml version="1.0" encoding="UTF-8"?>
<!-- Generated by org.testng.reporters.JUnitXMLReporter -->
<testsuite ignored="0" hostname="DESKTOP-GO5PBTN" failures="0" tests="3" name="Default test" time="55.494" errors="0" timestamp="19 Dec 2020 21:20:46 GMT">
  <testcase classname="com.aairlines.qa.testcases.AmericanAirlinesHomePageTest" name="homePageTitleTest" time="0.144"/>
  <testcase classname="com.aairlines.qa.testcases.AmericanAirlinesHomePageTest" name="homePageLogoTest" time="5.981"/>
  <testcase classname="com.aairlines.qa.testcases.AmericanAirlinesHomePageTest" name="bookFlightTest" time="16.812"/>
</testsuite> <!-- Default test -->
